c:\users\omar\documents\visual studio 2013\projects\consoleapplication12\consoleapplication12\debug\vc120.pdb
c:\users\omar\documents\visual studio 2013\projects\consoleapplication12\consoleapplication12\debug\vc120.idb
c:\users\omar\documents\visual studio 2013\projects\consoleapplication12\consoleapplication12\debug\phase2_main.obj
c:\users\omar\documents\visual studio 2013\projects\consoleapplication12\consoleapplication12\debug\utility.obj
c:\users\omar\documents\visual studio 2013\projects\consoleapplication12\consoleapplication12\debug\advancedsimulator.obj
c:\users\omar\documents\visual studio 2013\projects\consoleapplication12\consoleapplication12\debug\basicsforfight.obj
c:\users\omar\documents\visual studio 2013\projects\consoleapplication12\consoleapplication12\debug\fightmodule.obj
c:\users\omar\documents\visual studio 2013\projects\consoleapplication12\consoleapplication12\debug\finalizinggame.obj
c:\users\omar\documents\visual studio 2013\projects\consoleapplication12\consoleapplication12\debug\integrator.obj
c:\users\omar\documents\visual studio 2013\projects\consoleapplication12\consoleapplication12\debug\linkedlist.obj
c:\users\omar\documents\visual studio 2013\projects\consoleapplication12\consoleapplication12\debug\loadfunction.obj
c:\users\omar\documents\visual studio 2013\projects\consoleapplication12\consoleapplication12\debug\phase2.obj
c:\users\omar\documents\visual studio 2013\projects\consoleapplication12\consoleapplication12\debug\printoutputfile.obj
c:\users\omar\documents\visual studio 2013\projects\consoleapplication12\consoleapplication12\debug\queue.obj
c:\users\omar\documents\visual studio 2013\projects\consoleapplication12\debug\project_groupc11.ilk
c:\users\omar\documents\visual studio 2013\projects\consoleapplication12\debug\project_groupc11.exe
c:\users\omar\documents\visual studio 2013\projects\consoleapplication12\debug\project_groupc11.pdb
c:\users\omar\documents\visual studio 2013\projects\consoleapplication12\consoleapplication12\debug\project_groupc11.tlog\cl.command.1.tlog
c:\users\omar\documents\visual studio 2013\projects\consoleapplication12\consoleapplication12\debug\project_groupc11.tlog\cl.read.1.tlog
c:\users\omar\documents\visual studio 2013\projects\consoleapplication12\consoleapplication12\debug\project_groupc11.tlog\cl.write.1.tlog
c:\users\omar\documents\visual studio 2013\projects\consoleapplication12\consoleapplication12\debug\project_groupc11.tlog\link.command.1.tlog
c:\users\omar\documents\visual studio 2013\projects\consoleapplication12\consoleapplication12\debug\project_groupc11.tlog\link.read.1.tlog
c:\users\omar\documents\visual studio 2013\projects\consoleapplication12\consoleapplication12\debug\project_groupc11.tlog\link.write.1.tlog
